<?xml version="1.0" encoding="UTF-8"?>
<!-- Generated by org.testng.reporters.JUnitReportReporter -->
<testsuite hostname="LAPTOP-UC8VD6T3" failures="0" tests="1" name="com.facebook.tests.PageFactoryLoginTest" time="1.288" errors="0" timestamp="2025-07-24T12:54:21 IST" skipped="0">
  <testcase classname="com.facebook.tests.PageFactoryLoginTest" name="loginTest" time="1.288"/>
</testsuite> <!-- com.facebook.tests.PageFactoryLoginTest -->
