<?xml version="1.0" encoding="UTF-8"?>
<!-- Generated by org.testng.reporters.JUnitReportReporter -->
<testsuite hostname="LAPTOP-UC8VD6T3" failures="0" tests="2" name="com.facebook.tests.DataDrivenLoginTest" time="5.392" errors="0" timestamp="2025-07-31T12:46:54 IST" skipped="0">
  <testcase classname="com.facebook.tests.DataDrivenLoginTest" name="login" time="2.315"/>
  <testcase classname="com.facebook.tests.DataDrivenLoginTest" name="login" time="3.077"/>
</testsuite> <!-- com.facebook.tests.DataDrivenLoginTest -->
