<?xml version="1.0" encoding="UTF-8"?>
<!-- Generated by org.testng.reporters.JUnitReportReporter -->
<testsuite hostname="LAPTOP-UC8VD6T3" failures="0" tests="1" name="com.facebook.tests.LoginTest" time="11.252" errors="0" timestamp="2025-07-31T13:59:34 IST" skipped="0">
  <testcase classname="com.facebook.tests.LoginTest" name="a" time="11.252"/>
</testsuite> <!-- com.facebook.tests.LoginTest -->
